<?xml version="1.0" encoding="UTF-8"?>
<testsuite name="TestPoetry" tests="1" skipped="0" failures="0" errors="0" timestamp="2019-10-07T12:53:28" hostname="Shreyass-MacBook-Pro.local" time="0.017">
  <properties/>
  <testcase name="givenDayOne_WhenPoem_ThenProvidesDayOnePoem()" classname="TestPoetry" time="0.017"/>
  <system-out><![CDATA[]]></system-out>
  <system-err><![CDATA[]]></system-err>
</testsuite>
