<?xml version="1.0" encoding="UTF-8"?>
<testsuite name="TestPoetry" tests="3" skipped="0" failures="0" errors="0" timestamp="2019-10-09T06:04:24" hostname="Shreyass-MacBook-Pro.local" time="0.014">
  <properties/>
  <testcase name="givenDayTwo_WhenPoem_ThenProvidesDayTwoPoem()" classname="TestPoetry" time="0.012"/>
  <testcase name="givenDayTwelve_WhenPoem_ThenProvidesDayTwelvePoem()" classname="TestPoetry" time="0.0"/>
  <testcase name="givenDayOne_WhenPoemLines_ThenProvidesDayOnePoem()" classname="TestPoetry" time="0.0"/>
  <system-out><![CDATA[]]></system-out>
  <system-err><![CDATA[]]></system-err>
</testsuite>
